<?xml version="1.0" encoding="UTF-8"?>
<testsuite xmlns:xsi="http://www.w3.org/2001/XMLSchema-instance" xsi:noNamespaceSchemaLocation="https://maven.apache.org/surefire/maven-surefire-plugin/xsd/surefire-test-report-3.0.xsd" version="3.0" name="com.billsplitter.billsplitter.BillSplitterApplicationTests" time="2.204" tests="1" errors="0" skipped="0" failures="0">
  <properties>
[...]
</properties>
  <testcase name="contextLoads" classname="com.billsplitter.billsplitter.BillSplitterApplicationTests" time="0.5">
    <system-out><![CDATA[21:23:34.434 [main] INFO org.springframework.test.context.support.AnnotationConfigContextLoaderUtils -- Could not detect default configuration classes for test class [com.billsplitter.billsplitter.BillSplitterApplicationTests]: BillSplitterApplicationTests does not declare any static, non-private, non-final, nested classes annotated with @Configuration.
21:23:34.532 [main] INFO org.springframework.boot.test.context.SpringBootTestContextBootstrapper -- Found @SpringBootConfiguration com.billsplitter.billsplitter.BillSplitterApplication for test class com.billsplitter.billsplitter.BillSplitterApplicationTests
21:23:34.662 [main] INFO org.springframework.boot.devtools.restart.RestartApplicationListener -- Restart disabled due to context in which it is running

  .   ____          _            __ _ _
 /\\ / ___'_ __ _ _(_)_ __  __ _ \ \ \ \
( ( )\___ | '_ | '_| | '_ \/ _` | \ \ \ \
 \\/  ___)| |_)| | | | | || (_| |  ) ) ) )
  '  |____| .__|_| |_|_| |_\__, | / / / /
 =========|_|==============|___/=/_/_/_/
 :: Spring Boot ::                (v3.2.0)

2025-10-09T21:23:34.874+05:30  INFO 31364 --- [           main] c.b.b.BillSplitterApplicationTests       : Starting BillSplitterApplicationTests using Java 25 with PID 31364 (started by Vikas Bhatted in C:\Users\Vikas Bhatted\OneDrive\Desktop\PROJECT FOR APP\bill-splitter)
2025-10-09T21:23:34.875+05:30  INFO 31364 --- [           main] c.b.b.BillSplitterApplicationTests       : No active profile set, falling back to 1 default profile: "default"
2025-10-09T21:23:35.680+05:30  INFO 31364 --- [           main] o.s.b.a.w.s.WelcomePageHandlerMapping    : Adding welcome page: class path resource [static/index.html]
2025-10-09T21:23:36.001+05:30  INFO 31364 --- [           main] c.b.b.BillSplitterApplicationTests       : Started BillSplitterApplicationTests in 1.349 seconds (process running for 2.244)
]]></system-out>
    <system-err><![CDATA[WARNING: A Java agent has been loaded dynamically (C:\Users\Vikas Bhatted\.m2\repository\net\bytebuddy\byte-buddy-agent\1.14.10\byte-buddy-agent-1.14.10.jar)
WARNING: If a serviceability tool is in use, please run with -XX:+EnableDynamicAgentLoading to hide this warning
WARNING: If a serviceability tool is not in use, please run with -Djdk.instrument.traceUsage for more information
WARNING: Dynamic loading of agents will be disallowed by default in a future release
]]></system-err>
  </testcase>
</testsuite>